[17:47:55] [main/INFO]: Loaded 0 recipes
[17:47:56] [Server thread/INFO]: Starting minecraft server version 1.13.2
[17:47:56] [Server thread/INFO]: Loading properties
[17:47:56] [Server thread/INFO]: Default game type: SURVIVAL
[17:47:56] [Server thread/INFO]: This server is running CraftBukkit version git-Spigot-5696c83-b1d149c (MC: 1.13.2) (Implementing API version 1.13.2-R0.1-SNAPSHOT)
[17:47:56] [Server thread/INFO]: Debug logging is disabled
[17:47:56] [Server thread/INFO]: Server Ping Player Sample Count: 12
[17:47:56] [Server thread/INFO]: Using 4 threads for Netty based IO
[17:47:56] [Server thread/INFO]: Generating keypair
[17:47:56] [Server thread/INFO]: Starting Minecraft server on *:25565
[17:47:56] [Server thread/INFO]: Using default channel type
[17:47:59] [Server thread/INFO]: Set PluginClassLoader as parallel capable
[17:47:59] [Server thread/INFO]: [dynmap] Loading dynmap v3.0-beta-2-138
[17:47:59] [Server thread/INFO]: [dynmap] version=git-Spigot-5696c83-b1d149c (MC: 1.13.2)
[17:48:00] [Server thread/INFO]: [dynmap] Mod Support API available
[17:48:00] [Server thread/INFO]: **** Beginning UUID conversion, this may take A LONG time ****
[17:48:00] [Server thread/INFO]: Preparing level "world"
[17:48:00] [Server thread/INFO]: Reloading ResourceManager: Default, bukkit
[17:48:01] [Server thread/INFO]: Loaded 524 recipes
[17:48:01] [Server thread/INFO]: -------- World Settings For [world] --------
[17:48:01] [Server thread/INFO]: Experience Merge Radius: 3.0
[17:48:01] [Server thread/INFO]: Zombie Aggressive Towards Villager: true
[17:48:01] [Server thread/INFO]: View Distance: 10
[17:48:01] [Server thread/INFO]: Allow Zombie Pigmen to spawn from portal blocks: true
[17:48:01] [Server thread/INFO]: Item Despawn Rate: 6000
[17:48:01] [Server thread/INFO]: Item Merge Radius: 2.5
[17:48:01] [Server thread/INFO]: Arrow Despawn Rate: 1200
[17:48:01] [Server thread/INFO]: Nerfing mobs spawned from spawners: false
[17:48:01] [Server thread/INFO]: Max TNT Explosions: 100
[17:48:01] [Server thread/INFO]: Hopper Transfer: 8 Hopper Check: 1 Hopper Amount: 1
[17:48:01] [Server thread/INFO]: Random Lighting Updates: false
[17:48:01] [Server thread/INFO]: Entity Activation Range: An 32 / Mo 32 / Mi 16 / Tiv true
[17:48:01] [Server thread/INFO]: Cactus Growth Modifier: 100%
[17:48:01] [Server thread/INFO]: Cane Growth Modifier: 100%
[17:48:01] [Server thread/INFO]: Melon Growth Modifier: 100%
[17:48:01] [Server thread/INFO]: Mushroom Growth Modifier: 100%
[17:48:01] [Server thread/INFO]: Pumpkin Growth Modifier: 100%
[17:48:01] [Server thread/INFO]: Sapling Growth Modifier: 100%
[17:48:01] [Server thread/INFO]: Wheat Growth Modifier: 100%
[17:48:01] [Server thread/INFO]: NetherWart Growth Modifier: 100%
[17:48:01] [Server thread/INFO]: Vine Growth Modifier: 100%
[17:48:01] [Server thread/INFO]: Cocoa Growth Modifier: 100%
[17:48:01] [Server thread/INFO]: Entity Tracking Range: Pl 48 / An 48 / Mo 48 / Mi 32 / Other 64
[17:48:01] [Server thread/INFO]: Tile Max Tick Time: 50ms Entity max Tick Time: 50ms
[17:48:01] [Server thread/INFO]: Custom Map Seeds:  Village: 10387312 Desert: 14357617 Igloo: 14357618 Jungle: 14357619 Swamp: 14357620 Monument: 10387313Ocean: 14357621 Shipwreck: 165745295 Slime: 987234911
[17:48:01] [Server thread/INFO]: Mob Spawn Range: 4
[17:48:01] [Server thread/INFO]: -------- World Settings For [world_nether] --------
[17:48:01] [Server thread/INFO]: Experience Merge Radius: 3.0
[17:48:01] [Server thread/INFO]: Zombie Aggressive Towards Villager: true
[17:48:01] [Server thread/INFO]: View Distance: 10
[17:48:01] [Server thread/INFO]: Allow Zombie Pigmen to spawn from portal blocks: true
[17:48:01] [Server thread/INFO]: Item Despawn Rate: 6000
[17:48:01] [Server thread/INFO]: Item Merge Radius: 2.5
[17:48:01] [Server thread/INFO]: Arrow Despawn Rate: 1200
[17:48:01] [Server thread/INFO]: Nerfing mobs spawned from spawners: false
[17:48:01] [Server thread/INFO]: Max TNT Explosions: 100
[17:48:01] [Server thread/INFO]: Hopper Transfer: 8 Hopper Check: 1 Hopper Amount: 1
[17:48:01] [Server thread/INFO]: Random Lighting Updates: false
[17:48:01] [Server thread/INFO]: Entity Activation Range: An 32 / Mo 32 / Mi 16 / Tiv true
[17:48:01] [Server thread/INFO]: Cactus Growth Modifier: 100%
[17:48:01] [Server thread/INFO]: Cane Growth Modifier: 100%
[17:48:01] [Server thread/INFO]: Melon Growth Modifier: 100%
[17:48:01] [Server thread/INFO]: Mushroom Growth Modifier: 100%
[17:48:01] [Server thread/INFO]: Pumpkin Growth Modifier: 100%
[17:48:01] [Server thread/INFO]: Sapling Growth Modifier: 100%
[17:48:01] [Server thread/INFO]: Wheat Growth Modifier: 100%
[17:48:01] [Server thread/INFO]: NetherWart Growth Modifier: 100%
[17:48:01] [Server thread/INFO]: Vine Growth Modifier: 100%
[17:48:01] [Server thread/INFO]: Cocoa Growth Modifier: 100%
[17:48:01] [Server thread/INFO]: Entity Tracking Range: Pl 48 / An 48 / Mo 48 / Mi 32 / Other 64
[17:48:01] [Server thread/INFO]: Tile Max Tick Time: 50ms Entity max Tick Time: 50ms
[17:48:01] [Server thread/INFO]: Custom Map Seeds:  Village: 10387312 Desert: 14357617 Igloo: 14357618 Jungle: 14357619 Swamp: 14357620 Monument: 10387313Ocean: 14357621 Shipwreck: 165745295 Slime: 987234911
[17:48:01] [Server thread/INFO]: Mob Spawn Range: 4
[17:48:01] [Server thread/INFO]: -------- World Settings For [world_the_end] --------
[17:48:01] [Server thread/INFO]: Experience Merge Radius: 3.0
[17:48:01] [Server thread/INFO]: Zombie Aggressive Towards Villager: true
[17:48:01] [Server thread/INFO]: View Distance: 10
[17:48:01] [Server thread/INFO]: Allow Zombie Pigmen to spawn from portal blocks: true
[17:48:01] [Server thread/INFO]: Item Despawn Rate: 6000
[17:48:01] [Server thread/INFO]: Item Merge Radius: 2.5
[17:48:01] [Server thread/INFO]: Arrow Despawn Rate: 1200
[17:48:01] [Server thread/INFO]: Nerfing mobs spawned from spawners: false
[17:48:01] [Server thread/INFO]: Max TNT Explosions: 100
[17:48:01] [Server thread/INFO]: Hopper Transfer: 8 Hopper Check: 1 Hopper Amount: 1
[17:48:01] [Server thread/INFO]: Random Lighting Updates: false
[17:48:01] [Server thread/INFO]: Entity Activation Range: An 32 / Mo 32 / Mi 16 / Tiv true
[17:48:01] [Server thread/INFO]: Cactus Growth Modifier: 100%
[17:48:01] [Server thread/INFO]: Cane Growth Modifier: 100%
[17:48:01] [Server thread/INFO]: Melon Growth Modifier: 100%
[17:48:01] [Server thread/INFO]: Mushroom Growth Modifier: 100%
[17:48:01] [Server thread/INFO]: Pumpkin Growth Modifier: 100%
[17:48:01] [Server thread/INFO]: Sapling Growth Modifier: 100%
[17:48:01] [Server thread/INFO]: Wheat Growth Modifier: 100%
[17:48:01] [Server thread/INFO]: NetherWart Growth Modifier: 100%
[17:48:01] [Server thread/INFO]: Vine Growth Modifier: 100%
[17:48:01] [Server thread/INFO]: Cocoa Growth Modifier: 100%
[17:48:01] [Server thread/INFO]: Entity Tracking Range: Pl 48 / An 48 / Mo 48 / Mi 32 / Other 64
[17:48:01] [Server thread/INFO]: Tile Max Tick Time: 50ms Entity max Tick Time: 50ms
[17:48:01] [Server thread/INFO]: Custom Map Seeds:  Village: 10387312 Desert: 14357617 Igloo: 14357618 Jungle: 14357619 Swamp: 14357620 Monument: 10387313Ocean: 14357621 Shipwreck: 165745295 Slime: 987234911
[17:48:01] [Server thread/INFO]: Mob Spawn Range: 4
[17:48:01] [Server thread/INFO]: Preparing start region for level minecraft:the_end (Seed: -523920201423916909)
[17:48:02] [Server thread/INFO]: Preparing spawn area: 4%
[17:48:02] [Server thread/INFO]: Preparing spawn area: 8%
[17:48:02] [Server thread/INFO]: Preparing spawn area: 12%
[17:48:02] [Server thread/INFO]: Preparing spawn area: 16%
[17:48:02] [Server thread/INFO]: Preparing spawn area: 20%
[17:48:02] [Server thread/INFO]: Preparing spawn area: 24%
[17:48:02] [Server thread/INFO]: Preparing spawn area: 28%
[17:48:02] [Server thread/INFO]: Preparing spawn area: 32%
[17:48:02] [Server thread/INFO]: Preparing spawn area: 36%
[17:48:02] [Server thread/INFO]: Preparing spawn area: 40%
[17:48:02] [Server thread/INFO]: Preparing spawn area: 44%
[17:48:02] [Server thread/INFO]: Preparing spawn area: 48%
[17:48:02] [Server thread/INFO]: Preparing spawn area: 52%
[17:48:02] [Server thread/INFO]: Preparing spawn area: 56%
[17:48:02] [Server thread/INFO]: Preparing spawn area: 60%
[17:48:02] [Server thread/INFO]: Preparing spawn area: 64%
[17:48:02] [Server thread/INFO]: Preparing spawn area: 68%
[17:48:02] [Server thread/INFO]: Preparing spawn area: 72%
[17:48:02] [Server thread/INFO]: Preparing spawn area: 76%
[17:48:02] [Server thread/INFO]: Preparing spawn area: 80%
[17:48:02] [Server thread/INFO]: Preparing spawn area: 84%
[17:48:02] [Server thread/INFO]: Preparing spawn area: 88%
[17:48:02] [Server thread/INFO]: Preparing spawn area: 92%
[17:48:02] [Server thread/INFO]: Preparing spawn area: 96%
[17:48:02] [Server thread/INFO]: Preparing spawn area: 100%
[17:48:02] [Server thread/INFO]: Preparing start region for level minecraft:overworld (Seed: -523920201423916909)
[17:48:02] [Server thread/INFO]: Preparing spawn area: 4%
[17:48:02] [Server thread/INFO]: Preparing spawn area: 8%
[17:48:02] [Server thread/INFO]: Preparing spawn area: 12%
[17:48:02] [Server thread/INFO]: Preparing spawn area: 16%
[17:48:02] [Server thread/INFO]: Preparing spawn area: 20%
[17:48:02] [Server thread/INFO]: Preparing spawn area: 24%
[17:48:02] [Server thread/INFO]: Preparing spawn area: 28%
[17:48:02] [Server thread/INFO]: Preparing spawn area: 32%
[17:48:02] [Server thread/INFO]: Preparing spawn area: 36%
[17:48:02] [Server thread/INFO]: Preparing spawn area: 40%
[17:48:02] [Server thread/INFO]: Preparing spawn area: 44%
[17:48:02] [Server thread/INFO]: Preparing spawn area: 48%
[17:48:03] [Server thread/INFO]: Preparing spawn area: 52%
[17:48:03] [Server thread/INFO]: Preparing spawn area: 56%
[17:48:03] [Server thread/INFO]: Preparing spawn area: 60%
[17:48:03] [Server thread/INFO]: Preparing spawn area: 64%
[17:48:03] [Server thread/INFO]: Preparing spawn area: 68%
[17:48:03] [Server thread/INFO]: Preparing spawn area: 72%
[17:48:03] [Server thread/INFO]: Preparing spawn area: 76%
[17:48:03] [Server thread/INFO]: Preparing spawn area: 80%
[17:48:03] [Server thread/INFO]: Preparing spawn area: 84%
[17:48:03] [Server thread/INFO]: Preparing spawn area: 88%
[17:48:03] [Server thread/INFO]: Preparing spawn area: 92%
[17:48:03] [Server thread/INFO]: Preparing spawn area: 96%
[17:48:03] [Server thread/INFO]: Preparing spawn area: 100%
[17:48:03] [Server thread/INFO]: Preparing start region for level minecraft:the_nether (Seed: -523920201423916909)
[17:48:03] [Server thread/INFO]: Preparing spawn area: 4%
[17:48:03] [Server thread/INFO]: Preparing spawn area: 8%
[17:48:03] [Server thread/INFO]: Preparing spawn area: 12%
[17:48:03] [Server thread/INFO]: Preparing spawn area: 16%
[17:48:03] [Server thread/INFO]: Preparing spawn area: 20%
[17:48:03] [Server thread/INFO]: Preparing spawn area: 24%
[17:48:03] [Server thread/INFO]: Preparing spawn area: 28%
[17:48:04] [Server thread/INFO]: Preparing spawn area: 32%
[17:48:04] [Server thread/INFO]: Preparing spawn area: 36%
[17:48:04] [Server thread/INFO]: Preparing spawn area: 40%
[17:48:04] [Server thread/INFO]: Preparing spawn area: 44%
[17:48:04] [Server thread/INFO]: Preparing spawn area: 48%
[17:48:04] [Server thread/INFO]: Preparing spawn area: 52%
[17:48:04] [Server thread/INFO]: Preparing spawn area: 56%
[17:48:04] [Server thread/INFO]: Preparing spawn area: 60%
[17:48:04] [Server thread/INFO]: Preparing spawn area: 64%
[17:48:04] [Server thread/INFO]: Preparing spawn area: 68%
[17:48:04] [Server thread/INFO]: Preparing spawn area: 72%
[17:48:04] [Server thread/INFO]: Preparing spawn area: 76%
[17:48:04] [Server thread/INFO]: Preparing spawn area: 80%
[17:48:04] [Server thread/INFO]: Preparing spawn area: 84%
[17:48:04] [Server thread/INFO]: Preparing spawn area: 88%
[17:48:04] [Server thread/INFO]: Preparing spawn area: 92%
[17:48:04] [Server thread/INFO]: Preparing spawn area: 96%
[17:48:04] [Server thread/INFO]: Preparing spawn area: 100%
[17:48:04] [Server thread/INFO]: Time elapsed: 2583 ms
[17:48:04] [Server thread/INFO]: [dynmap] Enabling dynmap v3.0-beta-2-138
[17:48:04] [Server thread/INFO]: [dynmap] Added 11 custom biome mappings
[17:48:04] [Server thread/INFO]: [dynmap] Using Bukkit Permissions (superperms) for access control
[17:48:04] [Server thread/INFO]: [dynmap] Web interface permissions only available for online users
[17:48:05] [Server thread/INFO]: [dynmap] Mod Support processing completed
[17:48:05] [Server thread/INFO]: [dynmap] Loaded 25 shaders.
[17:48:05] [Server thread/INFO]: [dynmap] Loaded 82 perspectives.
[17:48:05] [Server thread/INFO]: [dynmap] Loaded 14 lightings.
[17:48:05] [Server thread/INFO]: [dynmap] Web server started on address 0.0.0.0:8123
[17:48:05] [Server thread/INFO]: [dynmap] version 3.0-beta-2-138 is enabled - core version 3.0-beta-2-138
[17:48:05] [Server thread/INFO]: [dynmap] Loaded 3 maps of world 'world'.
[17:48:05] [Server thread/INFO]: [dynmap] Loaded 2 maps of world 'world_nether'.
[17:48:05] [Server thread/INFO]: [dynmap] Loaded 2 maps of world 'world_the_end'.
[17:48:05] [Server thread/INFO]: [dynmap] Enabled
[17:48:05] [Server thread/INFO]: Server permissions file permissions.yml is empty, ignoring it
[17:48:05] [Server thread/INFO]: Done (5.821s)! For help, type "help"
